\BOOKMARK [1][-]{section.1}{Overview}{}% 1
\BOOKMARK [2][-]{subsection.1.1}{Background}{section.1}% 2
\BOOKMARK [2][-]{subsection.1.2}{Program Description}{section.1}% 3
\BOOKMARK [2][-]{subsection.1.3}{Outcomes}{section.1}% 4
\BOOKMARK [1][-]{section.2}{Key Design Decisions}{}% 5
\BOOKMARK [2][-]{subsection.2.1}{27 national supervisors, CEBS, the EU Commission, and the ECB worked together on the test.}{section.2}% 6
\BOOKMARK [2][-]{subsection.2.2}{The test covered 65\045 of banking assets.}{section.2}% 7
\BOOKMARK [2][-]{subsection.2.3}{Supervisors published the methodology of the stress test and its results at a very detailed level.}{section.2}% 8
\BOOKMARK [2][-]{subsection.2.4}{Banks were required to pass a 6\045 Tier 1 hurdle rate.}{section.2}% 9
\BOOKMARK [2][-]{subsection.2.5}{Pre-provision profits in the adverse scenario were just 6\045 below 2009 levels.}{section.2}% 10
\BOOKMARK [2][-]{subsection.2.6}{The sovereign shock did not include a sovereign default.}{section.2}% 11
\BOOKMARK [2][-]{subsection.2.7}{There was no explicit capital backstop.}{section.2}% 12
\BOOKMARK [2][-]{subsection.2.8}{Sovereign stresses applied to trading books and banking books differently.}{section.2}% 13
\BOOKMARK [2][-]{subsection.2.9}{The tests assumed a continuation of existing public support.}{section.2}% 14
\BOOKMARK [2][-]{subsection.2.10}{National supervisors produced forecast scenarios and the adverse scenario represented a ``double dip'' recession.}{section.2}% 15
\BOOKMARK [1][-]{section.3}{Evaluation}{}% 16
\BOOKMARK [1][-]{section*.18}{References}{}% 17
\BOOKMARK [1][-]{section.4}{Appendix A - List of Resources}{}% 18
\BOOKMARK [2][-]{subsection.4.1}{Summary of Program}{section.4}% 19
\BOOKMARK [2][-]{subsection.4.2}{Implementation Documents}{section.4}% 20
\BOOKMARK [2][-]{subsection.4.3}{Legal/Regulatory Guidance}{section.4}% 21
\BOOKMARK [2][-]{subsection.4.4}{Press Releases/Announcements}{section.4}% 22
\BOOKMARK [2][-]{subsection.4.5}{Media Stories}{section.4}% 23
\BOOKMARK [2][-]{subsection.4.6}{Key Academic Papers}{section.4}% 24
\BOOKMARK [2][-]{subsection.4.7}{Reports/Assessments}{section.4}% 25
\BOOKMARK [1][-]{section.5}{Appendix B - Road Map}{}% 26
\BOOKMARK [2][-]{subsection.5.1}{Key Questions}{section.5}% 27
\BOOKMARK [2][-]{subsection.5.2}{Implementation Steps}{section.5}% 28
