This is pdfTeX, Version 3.1415926-2.5-1.40.14 (MiKTeX 2.9) (preloaded format=pdflatex 2015.4.14)  7 APR 2016 13:39
entering extended mode
**C:/Users/cpr22/Google*Drive/work/ypfs/cebs/code/CEBSv1.tex
("C:/Users/cpr22/Google Drive/work/ypfs/cebs/code/CEBSv1.tex"
LaTeX2e <2011/06/27>
Babel <v3.8m> and hyphenation patterns for english, afrikaans, ancientgreek, ar
abic, armenian, assamese, basque, bengali, bokmal, bulgarian, catalan, coptic, 
croatian, czech, danish, dutch, esperanto, estonian, farsi, finnish, french, ga
lician, german, german-x-2013-05-26, greek, gujarati, hindi, hungarian, iceland
ic, indonesian, interlingua, irish, italian, kannada, kurmanji, latin, latvian,
 lithuanian, malayalam, marathi, mongolian, mongolianlmc, monogreek, ngerman, n
german-x-2013-05-26, nynorsk, oriya, panjabi, pinyin, polish, portuguese, roman
ian, russian, sanskrit, serbian, slovak, slovenian, spanish, swedish, swissgerm
an, tamil, telugu, turkish, turkmen, ukenglish, ukrainian, uppersorbian, usengl
ishmax, welsh, loaded.
(X:\tex\miktex\tex\latex\base\article.cls
Document Class: article 2007/10/19 v1.4h Standard LaTeX document class
(X:\tex\miktex\tex\latex\base\size12.clo
File: size12.clo 2007/10/19 v1.4h Standard LaTeX file (size option)
)
\c@part=\count79
\c@section=\count80
\c@subsection=\count81
\c@subsubsection=\count82
\c@paragraph=\count83
\c@subparagraph=\count84
\c@figure=\count85
\c@table=\count86
\abovecaptionskip=\skip41
\belowcaptionskip=\skip42
\bibindent=\dimen102
)
(X:\tex\miktex\tex\latex\tools\longtable.sty
Package: longtable 2004/02/01 v4.11 Multi-page Table package (DPC)
\LTleft=\skip43
\LTright=\skip44
\LTpre=\skip45
\LTpost=\skip46
\LTchunksize=\count87
\LTcapwidth=\dimen103
\LT@head=\box26
\LT@firsthead=\box27
\LT@foot=\box28
\LT@lastfoot=\box29
\LT@cols=\count88
\LT@rows=\count89
\c@LT@tables=\count90
\c@LT@chunks=\count91
\LT@p@ftn=\toks14
)
(X:\tex\miktex\tex\latex\geometry\geometry.sty
Package: geometry 2010/09/12 v5.6 Page Geometry

(X:\tex\miktex\tex\latex\graphics\keyval.sty
Package: keyval 1999/03/16 v1.13 key=value parser (DPC)
\KV@toks@=\toks15
)
(X:\tex\miktex\tex\generic\oberdiek\ifpdf.sty
Package: ifpdf 2011/01/30 v2.3 Provides the ifpdf switch (HO)
Package ifpdf Info: pdfTeX in PDF mode is detected.
)
(X:\tex\miktex\tex\generic\oberdiek\ifvtex.sty
Package: ifvtex 2010/03/01 v1.5 Detect VTeX and its facilities (HO)
Package ifvtex Info: VTeX not detected.
)
(X:\tex\miktex\tex\generic\ifxetex\ifxetex.sty
Package: ifxetex 2010/09/12 v0.6 Provides ifxetex conditional
)
\Gm@cnth=\count92
\Gm@cntv=\count93
\c@Gm@tempcnt=\count94
\Gm@bindingoffset=\dimen104
\Gm@wd@mp=\dimen105
\Gm@odd@mp=\dimen106
\Gm@even@mp=\dimen107
\Gm@layoutwidth=\dimen108
\Gm@layoutheight=\dimen109
\Gm@layouthoffset=\dimen110
\Gm@layoutvoffset=\dimen111
\Gm@dimlist=\toks16

(X:\tex\miktex\tex\latex\geometry\geometry.cfg))
(X:\tex\miktex\tex\latex\natbib\natbib.sty
Package: natbib 2010/09/13 8.31b (PWD, AO)
\bibhang=\skip47
\bibsep=\skip48
LaTeX Info: Redefining \cite on input line 694.
\c@NAT@ctr=\count95
)
(X:\tex\miktex\tex\latex\booktabs\booktabs.sty
Package: booktabs 2005/04/14 v1.61803 publication quality tables
\heavyrulewidth=\dimen112
\lightrulewidth=\dimen113
\cmidrulewidth=\dimen114
\belowrulesep=\dimen115
\belowbottomsep=\dimen116
\aboverulesep=\dimen117
\abovetopsep=\dimen118
\cmidrulesep=\dimen119
\cmidrulekern=\dimen120
\defaultaddspace=\dimen121
\@cmidla=\count96
\@cmidlb=\count97
\@aboverulesep=\dimen122
\@belowrulesep=\dimen123
\@thisruleclass=\count98
\@lastruleclass=\count99
\@thisrulewidth=\dimen124
)
(X:\tex\miktex\tex\latex\amsfonts\amssymb.sty
Package: amssymb 2013/01/14 v3.01 AMS font symbols

(X:\tex\miktex\tex\latex\amsfonts\amsfonts.sty
Package: amsfonts 2013/01/14 v3.01 Basic AMSFonts support
\@emptytoks=\toks17
\symAMSa=\mathgroup4
\symAMSb=\mathgroup5
LaTeX Font Info:    Overwriting math alphabet `\mathfrak' in version `bold'
(Font)                  U/euf/m/n --> U/euf/b/n on input line 106.
))
(X:\tex\miktex\tex\latex\amsmath\amsmath.sty
Package: amsmath 2013/01/14 v2.14 AMS math features
\@mathmargin=\skip49

For additional information on amsmath, use the `?' option.
(X:\tex\miktex\tex\latex\amsmath\amstext.sty
Package: amstext 2000/06/29 v2.01

(X:\tex\miktex\tex\latex\amsmath\amsgen.sty
File: amsgen.sty 1999/11/30 v2.0
\@emptytoks=\toks18
\ex@=\dimen125
))
(X:\tex\miktex\tex\latex\amsmath\amsbsy.sty
Package: amsbsy 1999/11/29 v1.2d
\pmbraise@=\dimen126
)
(X:\tex\miktex\tex\latex\amsmath\amsopn.sty
Package: amsopn 1999/12/14 v2.01 operator names
)
\inf@bad=\count100
LaTeX Info: Redefining \frac on input line 210.
\uproot@=\count101
\leftroot@=\count102
LaTeX Info: Redefining \overline on input line 306.
\classnum@=\count103
\DOTSCASE@=\count104
LaTeX Info: Redefining \ldots on input line 378.
LaTeX Info: Redefining \dots on input line 381.
LaTeX Info: Redefining \cdots on input line 466.
\Mathstrutbox@=\box30
\strutbox@=\box31
\big@size=\dimen127
LaTeX Font Info:    Redeclaring font encoding OML on input line 566.
LaTeX Font Info:    Redeclaring font encoding OMS on input line 567.
\macc@depth=\count105
\c@MaxMatrixCols=\count106
\dotsspace@=\muskip10
\c@parentequation=\count107
\dspbrk@lvl=\count108
\tag@help=\toks19
\row@=\count109
\column@=\count110
\maxfields@=\count111
\andhelp@=\toks20
\eqnshift@=\dimen128
\alignsep@=\dimen129
\tagshift@=\dimen130
\tagwidth@=\dimen131
\totwidth@=\dimen132
\lineht@=\dimen133
\@envbody=\toks21
\multlinegap=\skip50
\multlinetaggap=\skip51
\mathdisplay@stack=\toks22
LaTeX Info: Redefining \[ on input line 2665.
LaTeX Info: Redefining \] on input line 2666.
)
(X:\tex\miktex\tex\latex\outlines\outlines.sty
Package: outlines 2012/1/23 1.1 Ch. Pecheur

(X:\tex\miktex\tex\latex\base\ifthen.sty
Package: ifthen 2001/05/26 v1.1c Standard LaTeX ifthen package (DPC)
))
(X:\tex\miktex\tex\latex\soul\soul.sty
Package: soul 2003/11/17 v2.4 letterspacing/underlining (mf)
\SOUL@word=\toks23
\SOUL@lasttoken=\toks24
\SOUL@cmds=\toks25
\SOUL@buffer=\toks26
\SOUL@token=\toks27
\SOUL@spaceskip=\skip52
\SOUL@ttwidth=\dimen134
\SOUL@uldp=\dimen135
\SOUL@ulht=\dimen136
)
(X:\tex\miktex\tex\latex\eurosym\eurosym.sty
Package: eurosym 1998/08/06 v1.1 European currency symbol ``Euro''
\@eurobox=\box32
)
(X:\tex\miktex\tex\latex\graphics\graphicx.sty
Package: graphicx 1999/02/16 v1.0f Enhanced LaTeX Graphics (DPC,SPQR)

(X:\tex\miktex\tex\latex\graphics\graphics.sty
Package: graphics 2009/02/05 v1.0o Standard LaTeX Graphics (DPC,SPQR)

(X:\tex\miktex\tex\latex\graphics\trig.sty
Package: trig 1999/03/16 v1.09 sin cos tan (DPC)
)
(X:\tex\miktex\tex\latex\00miktex\graphics.cfg
File: graphics.cfg 2007/01/18 v1.5 graphics configuration of teTeX/TeXLive
)
Package graphics Info: Driver file: pdftex.def on input line 91.

(X:\tex\miktex\tex\latex\pdftex-def\pdftex.def
File: pdftex.def 2011/05/27 v0.06d Graphics/color for pdfTeX

(X:\tex\miktex\tex\generic\oberdiek\infwarerr.sty
Package: infwarerr 2010/04/08 v1.3 Providing info/warning/error messages (HO)
)
(X:\tex\miktex\tex\generic\oberdiek\ltxcmds.sty
Package: ltxcmds 2011/11/09 v1.22 LaTeX kernel commands for general use (HO)
)
\Gread@gobject=\count112
))
\Gin@req@height=\dimen137
\Gin@req@width=\dimen138
)
(X:\tex\miktex\tex\latex\fancyhdr\fancyhdr.sty
\fancy@headwidth=\skip53
\f@ncyO@elh=\skip54
\f@ncyO@erh=\skip55
\f@ncyO@olh=\skip56
\f@ncyO@orh=\skip57
\f@ncyO@elf=\skip58
\f@ncyO@erf=\skip59
\f@ncyO@olf=\skip60
\f@ncyO@orf=\skip61
)
(X:\tex\miktex\tex\latex\preprint\authblk.sty
Package: authblk 2001/02/27 1.3 (PWD)
\affilsep=\skip62
\@affilsep=\skip63
\c@Maxaffil=\count113
\c@authors=\count114
\c@affil=\count115
)
(X:\tex\miktex\tex\latex\lineno\lineno.sty
Package: lineno 2005/11/02 line numbers on paragraphs v4.41
\linenopenalty=\count116
\output=\toks28
\linenoprevgraf=\count117
\linenumbersep=\dimen139
\linenumberwidth=\dimen140
\c@linenumber=\count118
\c@pagewiselinenumber=\count119
\c@LN@truepage=\count120
\c@internallinenumber=\count121
\c@internallinenumbers=\count122
\quotelinenumbersep=\dimen141
\bframerule=\dimen142
\bframesep=\dimen143
\bframebox=\box33
LaTeX Info: Redefining \\ on input line 3056.
)
(X:\tex\miktex\tex\latex\url\url.sty
\Urlmuskip=\muskip11
Package: url 2013/09/16  ver 3.4  Verb mode for urls, etc.
)
(X:\tex\miktex\tex\latex\hyperref\hyperref.sty
Package: hyperref 2012/11/06 v6.83m Hypertext links for LaTeX

(X:\tex\miktex\tex\generic\oberdiek\hobsub-hyperref.sty
Package: hobsub-hyperref 2012/04/25 v1.12 Bundle oberdiek, subset hyperref (HO)


(X:\tex\miktex\tex\generic\oberdiek\hobsub-generic.sty
Package: hobsub-generic 2012/04/25 v1.12 Bundle oberdiek, subset generic (HO)
Package: hobsub 2012/04/25 v1.12 Construct package bundles (HO)
Package hobsub Info: Skipping package `infwarerr' (already loaded).
Package hobsub Info: Skipping package `ltxcmds' (already loaded).
Package: ifluatex 2010/03/01 v1.3 Provides the ifluatex switch (HO)
Package ifluatex Info: LuaTeX not detected.
Package hobsub Info: Skipping package `ifvtex' (already loaded).
Package: intcalc 2007/09/27 v1.1 Expandable calculations with integers (HO)
Package hobsub Info: Skipping package `ifpdf' (already loaded).
Package: etexcmds 2011/02/16 v1.5 Avoid name clashes with e-TeX commands (HO)
Package etexcmds Info: Could not find \expanded.
(etexcmds)             That can mean that you are not using pdfTeX 1.50 or
(etexcmds)             that some package has redefined \expanded.
(etexcmds)             In the latter case, load this package earlier.
Package: kvsetkeys 2012/04/25 v1.16 Key value parser (HO)
Package: kvdefinekeys 2011/04/07 v1.3 Define keys (HO)
Package: pdftexcmds 2011/11/29 v0.20 Utility functions of pdfTeX for LuaTeX (HO
)
Package pdftexcmds Info: LuaTeX not detected.
Package pdftexcmds Info: \pdf@primitive is available.
Package pdftexcmds Info: \pdf@ifprimitive is available.
Package pdftexcmds Info: \pdfdraftmode found.
Package: pdfescape 2011/11/25 v1.13 Implements pdfTeX's escape features (HO)
Package: bigintcalc 2012/04/08 v1.3 Expandable calculations on big integers (HO
)
Package: bitset 2011/01/30 v1.1 Handle bit-vector datatype (HO)
Package: uniquecounter 2011/01/30 v1.2 Provide unlimited unique counter (HO)
)
Package hobsub Info: Skipping package `hobsub' (already loaded).
Package: letltxmacro 2010/09/02 v1.4 Let assignment for LaTeX macros (HO)
Package: hopatch 2011/06/24 v1.1 Wrapper for package hooks (HO)
Package: xcolor-patch 2011/01/30 xcolor patch
Package: atveryend 2011/06/30 v1.8 Hooks at the very end of document (HO)
Package atveryend Info: \enddocument detected (standard20110627).
Package: atbegshi 2011/10/05 v1.16 At begin shipout hook (HO)
Package: refcount 2011/10/16 v3.4 Data extraction from label references (HO)
Package: hycolor 2011/01/30 v1.7 Color options for hyperref/bookmark (HO)
)
(X:\tex\miktex\tex\latex\oberdiek\auxhook.sty
Package: auxhook 2011/03/04 v1.3 Hooks for auxiliary files (HO)
)
(X:\tex\miktex\tex\latex\oberdiek\kvoptions.sty
Package: kvoptions 2011/06/30 v3.11 Key value format for package options (HO)
)
\@linkdim=\dimen144
\Hy@linkcounter=\count123
\Hy@pagecounter=\count124

(X:\tex\miktex\tex\latex\hyperref\pd1enc.def
File: pd1enc.def 2012/11/06 v6.83m Hyperref: PDFDocEncoding definition (HO)
)
\Hy@SavedSpaceFactor=\count125

(X:\tex\miktex\tex\latex\00miktex\hyperref.cfg
File: hyperref.cfg 2002/06/06 v1.2 hyperref configuration of TeXLive
)
Package hyperref Info: Hyper figures OFF on input line 4443.
Package hyperref Info: Link nesting OFF on input line 4448.
Package hyperref Info: Hyper index ON on input line 4451.
Package hyperref Info: Plain pages OFF on input line 4458.
Package hyperref Info: Backreferencing OFF on input line 4463.
Package hyperref Info: Implicit mode ON; LaTeX internals redefined.
Package hyperref Info: Bookmarks ON on input line 4688.
\c@Hy@tempcnt=\count126
LaTeX Info: Redefining \url on input line 5041.
\XeTeXLinkMargin=\dimen145
\Fld@menulength=\count127
\Field@Width=\dimen146
\Fld@charsize=\dimen147
Package hyperref Info: Hyper figures OFF on input line 6295.
Package hyperref Info: Link nesting OFF on input line 6300.
Package hyperref Info: Hyper index ON on input line 6303.
Package hyperref Info: backreferencing OFF on input line 6310.
Package hyperref Info: Link coloring OFF on input line 6315.
Package hyperref Info: Link coloring with OCG OFF on input line 6320.
Package hyperref Info: PDF/A mode OFF on input line 6325.
LaTeX Info: Redefining \ref on input line 6365.
LaTeX Info: Redefining \pageref on input line 6369.
\Hy@abspage=\count128
\c@Item=\count129
\c@Hfootnote=\count130
)

Package hyperref Message: Driver (autodetected): hpdftex.

(X:\tex\miktex\tex\latex\hyperref\hpdftex.def
File: hpdftex.def 2012/11/06 v6.83m Hyperref driver for pdfTeX
\Fld@listcount=\count131
\c@bookmark@seq@number=\count132

(X:\tex\miktex\tex\latex\oberdiek\rerunfilecheck.sty
Package: rerunfilecheck 2011/04/15 v1.7 Rerun checks for auxiliary files (HO)
Package uniquecounter Info: New unique counter `rerunfilecheck' on input line 2
82.
)
\Hy@SectionHShift=\skip64
)
Package hyperref Info: Option `colorlinks' set `true' on input line 30.

(X:\tex\miktex\tex\latex\caption\caption.sty
Package: caption 2013/05/02 v3.3-89 Customizing captions (AR)

(X:\tex\miktex\tex\latex\caption\caption3.sty
Package: caption3 2013/05/02 v1.6-88 caption3 kernel (AR)
Package caption3 Info: TeX engine: e-TeX on input line 57.
\captionmargin=\dimen148
\captionmargin@=\dimen149
\captionwidth=\dimen150
\caption@tempdima=\dimen151
\caption@indent=\dimen152
\caption@parindent=\dimen153
\caption@hangindent=\dimen154
)
\c@ContinuedFloat=\count133
Package caption Info: hyperref package is loaded.
Package caption Info: longtable package is loaded.

(X:\tex\miktex\tex\latex\caption\ltcaption.sty
Package: ltcaption 2013/02/03 v1.3-62 longtable captions (AR)
))
(X:\tex\miktex\tex\latex\oberdiek\epstopdf.sty
Package: epstopdf 2010/02/09 v2.5 Conversion with epstopdf on the fly (HO)

(X:\tex\miktex\tex\latex\oberdiek\epstopdf-base.sty
Package: epstopdf-base 2010/02/09 v2.5 Base part for package epstopdf

(X:\tex\miktex\tex\latex\oberdiek\grfext.sty
Package: grfext 2010/08/19 v1.1 Manage graphics extensions (HO)
)
Package grfext Info: Graphics extension search list:
(grfext)             [.png,.pdf,.jpg,.mps,.jpeg,.jbig2,.jb2,.PNG,.PDF,.JPG,.JPE
G,.JBIG2,.JB2,.eps]
(grfext)             \AppendGraphicsExtensions on input line 452.
))
(X:\tex\miktex\tex\latex\enumitem\enumitem.sty
Package: enumitem 2011/09/28 v3.5.2 Customized lists
\labelindent=\skip65
\enit@outerparindent=\dimen155
\enit@toks=\toks29
\enit@inbox=\box34
\enitdp@description=\count134
)
(X:\tex\miktex\tex\latex\filecontents\filecontents.sty
Package: filecontents 2011/10/08 v1.3 Create an external file from within a LaT
eX document
)

LaTeX Warning: Overwriting file `./CEBSv1.bib'.


("C:\Users\cpr22\Google Drive\work\ypfs\cebs\code\CEBSv1.aux"

LaTeX Warning: Label `figure2' multiply defined.

)
LaTeX Font Info:    Checking defaults for OML/cmm/m/it on input line 391.
LaTeX Font Info:    ... okay on input line 391.
LaTeX Font Info:    Checking defaults for T1/cmr/m/n on input line 391.
LaTeX Font Info:    ... okay on input line 391.
LaTeX Font Info:    Checking defaults for OT1/cmr/m/n on input line 391.
LaTeX Font Info:    ... okay on input line 391.
LaTeX Font Info:    Checking defaults for OMS/cmsy/m/n on input line 391.
LaTeX Font Info:    ... okay on input line 391.
LaTeX Font Info:    Checking defaults for OMX/cmex/m/n on input line 391.
LaTeX Font Info:    ... okay on input line 391.
LaTeX Font Info:    Checking defaults for U/cmr/m/n on input line 391.
LaTeX Font Info:    ... okay on input line 391.
LaTeX Font Info:    Checking defaults for PD1/pdf/m/n on input line 391.
LaTeX Font Info:    ... okay on input line 391.

*geometry* driver: auto-detecting
*geometry* detected driver: pdftex
*geometry* verbose mode - [ preamble ] result:
* driver: pdftex
* paper: <default>
* layout: <same size as paper>
* layoutoffset:(h,v)=(0.0pt,0.0pt)
* modes: 
* h-part:(L,W,R)=(86.72377pt, 440.84746pt, 86.72377pt)
* v-part:(T,H,B)=(86.72377pt, 621.52245pt, 86.72377pt)
* \paperwidth=614.295pt
* \paperheight=794.96999pt
* \textwidth=440.84746pt
* \textheight=621.52245pt
* \oddsidemargin=14.45378pt
* \evensidemargin=14.45378pt
* \topmargin=-22.54622pt
* \headheight=12.0pt
* \headsep=25.0pt
* \topskip=12.0pt
* \footskip=30.0pt
* \marginparwidth=44.0pt
* \marginparsep=10.0pt
* \columnsep=10.0pt
* \skip\footins=10.8pt plus 4.0pt minus 2.0pt
* \hoffset=0.0pt
* \voffset=0.0pt
* \mag=1000
* \@twocolumnfalse
* \@twosidefalse
* \@mparswitchfalse
* \@reversemarginfalse
* (1in=72.27pt=25.4mm, 1cm=28.453pt)

(X:\tex\miktex\tex\context\base\supp-pdf.mkii
[Loading MPS to PDF converter (version 2006.09.02).]
\scratchcounter=\count135
\scratchdimen=\dimen156
\scratchbox=\box35
\nofMPsegments=\count136
\nofMParguments=\count137
\everyMPshowfont=\toks30
\MPscratchCnt=\count138
\MPscratchDim=\dimen157
\MPnumerator=\count139
\makeMPintoPDFobject=\count140
\everyMPtoPDFconversion=\toks31
)
\AtBeginShipoutBox=\box36
 (X:\tex\miktex\tex\latex\graphics\color.sty
Package: color 2005/11/14 v1.0j Standard LaTeX Color (DPC)

(X:\tex\miktex\tex\latex\00miktex\color.cfg
File: color.cfg 2007/01/18 v1.5 color configuration of teTeX/TeXLive
)
Package color Info: Driver file: pdftex.def on input line 130.
)
Package hyperref Info: Link coloring ON on input line 391.

(X:\tex\miktex\tex\latex\hyperref\nameref.sty
Package: nameref 2012/10/27 v2.43 Cross-referencing by name of section

(X:\tex\miktex\tex\generic\oberdiek\gettitlestring.sty
Package: gettitlestring 2010/12/03 v1.4 Cleanup title references (HO)
)
\c@section@level=\count141
)
LaTeX Info: Redefining \ref on input line 391.
LaTeX Info: Redefining \pageref on input line 391.
LaTeX Info: Redefining \nameref on input line 391.

("C:\Users\cpr22\Google Drive\work\ypfs\cebs\code\CEBSv1.out")
("C:\Users\cpr22\Google Drive\work\ypfs\cebs\code\CEBSv1.out")
\@outlinefile=\write3
Package caption Info: Begin \AtBeginDocument code.
Package caption Info: End \AtBeginDocument code.
LaTeX Font Info:    Try loading font information for U+msa on input line 412.

(X:\tex\miktex\tex\latex\amsfonts\umsa.fd
File: umsa.fd 2013/01/14 v3.01 AMS symbols A
)
LaTeX Font Info:    Try loading font information for U+msb on input line 412.

(X:\tex\miktex\tex\latex\amsfonts\umsb.fd
File: umsb.fd 2013/01/14 v3.01 AMS symbols B
)
Underfull \hbox (badness 10000) in paragraph at lines 414--420

 []

[1

{C:/Users/cpr22/AppData/Local/MiKTeX/2.9/pdftex/config/pdftex.map}]
("C:\Users\cpr22\Google Drive\work\ypfs\cebs\code\CEBSv1.toc"
Overfull \hbox (3.5746pt too wide) in paragraph at lines 12--12
 [][] [][][]\OT1/cmr/m/n/12 27 na-tional su-per-vi-sors, CEBS, the EU Com-mis-s
ion, and the ECB worked 
 []

)
\tf@toc=\write4


Package Fancyhdr Warning: \headheight is too small (12.0pt): 
 Make it at least 14.49998pt.
 We now make it that large for the rest of the document.
 This may cause the page layout to be inconsistent, however.

[2] <../input/Chart.pdf, id=181, 509.16272pt x 143.03539pt>
File: ../input/Chart.pdf Graphic file (type pdf)

<use ../input/Chart.pdf>
Package pdftex.def Info: ../input/Chart.pdf used on input line 437.
(pdftex.def)             Requested size: 440.84746pt x 123.84393pt.

<../input/realestate.pdf, id=182, 681.13902pt x 203.92587pt>
File: ../input/realestate.pdf Graphic file (type pdf)

<use ../input/realestate.pdf>
Package pdftex.def Info: ../input/realestate.pdf used on input line 445.
(pdftex.def)             Requested size: 440.84746pt x 131.98703pt.


LaTeX Warning: `h' float specifier changed to `ht'.

[3 <C:/Users/cpr22/Google Drive/work/ypfs/cebs/input/Chart.pdf>] [4 <C:/Users/c
pr22/Google Drive/work/ypfs/cebs/input/realestate.pdf, page is rotated 90 degre
es>] <../input/flowchart.pdf, id=231, 596.05658pt x 323.23822pt>
File: ../input/flowchart.pdf Graphic file (type pdf)

<use ../input/flowchart.pdf>
Package pdftex.def Info: ../input/flowchart.pdf used on input line 468.
(pdftex.def)             Requested size: 417.23677pt x 226.2652pt.


LaTeX Warning: `h' float specifier changed to `ht'.

[5 <C:/Users/cpr22/Google Drive/work/ypfs/cebs/input/flowchart.pdf, page is rot
ated 90 degrees>] [6] [7] [8]
<../input/tier1outcome.pdf, id=297, 678.60123pt x 365.62798pt>
File: ../input/tier1outcome.pdf Graphic file (type pdf)

<use ../input/tier1outcome.pdf>
Package pdftex.def Info: ../input/tier1outcome.pdf used on input line 604.
(pdftex.def)             Requested size: 339.29977pt x 182.81354pt.
 [9 <C:/Users/cpr22/Google Drive/work/ypfs/cebs/input/tier1outcome.pdf, page is
 rotated 90 degrees>] [10] [11]

Package natbib Warning: Citation `Spick' on page 12 undefined on input line 670
.


Package natbib Warning: Citation `Danske' on page 12 undefined on input line 67
8.

[12]
Missing character: There is no â in font cmr12!
Missing character: There is no € in font cmr12!
Missing character: There is no ™ in font cmr12!
 [13] [14] <../input/unemployment.pdf, id=387, 596.74843pt x 500.0523pt>
File: ../input/unemployment.pdf Graphic file (type pdf)

<use ../input/unemployment.pdf>
Package pdftex.def Info: ../input/unemployment.pdf used on input line 720.
(pdftex.def)             Requested size: 198.38pt x 166.23096pt.


LaTeX Warning: `h' float specifier changed to `ht'.

<../input/REforecast.pdf, id=390, 536.65877pt x 210.65752pt>
File: ../input/REforecast.pdf Graphic file (type pdf)

<use ../input/REforecast.pdf>
Package pdftex.def Info: ../input/REforecast.pdf used on input line 729.
(pdftex.def)             Requested size: 440.84746pt x 173.04562pt.


LaTeX Warning: `h' float specifier changed to `ht'.

[15]
Missing character: There is no â in font cmr12!
Missing character: There is no € in font cmr12!
Missing character: There is no “ in font cmr12!
 [16 <C:/Users/cpr22/Google Drive/work/ypfs/cebs/input/unemployment.pdf, page i
s rotated 90 degrees>] [17 <C:/Users/cpr22/Google Drive/work/ypfs/cebs/input/RE
forecast.pdf, page is rotated 90 degrees>] [18]
("C:\Users\cpr22\Google Drive\work\ypfs\cebs\code\CEBSv1.bbl"
Underfull \hbox (badness 10000) in paragraph at lines 9--13
$\OT1/cmtt/m/n/12 / / www . centralbank . ie / regulation / industry -[] sector
s / credit -[] institutions /$
 []


Underfull \hbox (badness 2617) in paragraph at lines 30--35
[]\OT1/cmr/m/n/12 T. Al-loway.  Stress Test's Sovereign Sup-port = Sense-less. 
 2010.  URL
 []


Underfull \hbox (badness 10000) in paragraph at lines 30--35
[][]$\OT1/cmtt/m/n/12 http : / / ftalphaville . ft . com / 2010 / 07 / 26 / 296
871 / stress -[] tests -[] sovereign -[]$
 []


Underfull \hbox (badness 6575) in paragraph at lines 43--49
[]\OT1/cmr/m/n/12 Committee of Eu-ro-pean Bank-ing Su-per-vi-sors.  CEBS Press 
Re-lease on
 []


Underfull \hbox (badness 5908) in paragraph at lines 43--49
\OT1/cmr/m/n/12 the Re-sults of the EU-Wide Stress Test-ing Ex-er-cise.  2009. 
 URL
 []


Underfull \hbox (badness 10000) in paragraph at lines 43--49
[][]$\OT1/cmtt/m/n/12 https : / / www . eba . europa . eu / documents / 10180 /
 15977 / CEBS -[] 2009 -[] 180 -[] Annex -[]$
 []


Underfull \hbox (badness 1400) in paragraph at lines 52--58
\OT1/cmr/m/n/12 ECB.  2010a.  URL [][]$\OT1/cmtt/m/n/12 https : / / www . eba .
 europa . eu / documents / 10180 / 15938 /$
 []


Underfull \hbox (badness 10000) in paragraph at lines 60--65
[]\OT1/cmr/m/n/12 Committee of Eu-ro-pean Bank-ing Su-per-vi-sors.  Ques-tions 
and An-swers:
 []


Underfull \hbox (badness 5622) in paragraph at lines 60--65
\OT1/cmr/m/n/12 2010 EU-Wide Stress Test-ing Ex-er-cise.  2010b.  URL [][]$\OT1
/cmtt/m/n/12 https : / / www .$
 []


Underfull \hbox (badness 10000) in paragraph at lines 60--65
$\OT1/cmtt/m/n/12 ecb . europa . eu / pub / pdf / other / euwidestresstestingex
ercise -[] qaen . pdf ?$
 []

[19] [20]) [21]
LaTeX Font Info:    Try loading font information for OMS+cmr on input line 775.

 (X:\tex\miktex\tex\latex\base\omscmr.fd
File: omscmr.fd 1999/05/25 v2.5h Standard LaTeX font definitions
)
LaTeX Font Info:    Font shape `OMS/cmr/m/n' in size <12> not available
(Font)              Font shape `OMS/cmsy/m/n' tried instead on input line 775.

Overfull \hbox (76.85248pt too wide) in paragraph at lines 775--777
$\OT1/cmtt/m/n/12 pdf / other / euwidestresstestingexercise -[] qaen . pdf ? 86
0c12759915bf0e3a8cd5486cb595a4$[][] 
 []


Overfull \hbox (1.66463pt too wide) in paragraph at lines 785--787
\OT1/cmr/m/it/12 data. [][]$\OT1/cmtt/m/n/12 https : / / www . eba . europa . e
u / documents / 10180 / 15938 / Listofbanksv2 .$
 []


Overfull \hbox (10.42744pt too wide) in paragraph at lines 795--796
[][]$\OT1/cmtt/m/n/12 http : / / ftalphaville . ft . com / /2009 / 08 / 20 / 67
906 / hybrid -[] debt -[] attack -[] for -[]$
 []

[22]
Overfull \hbox (20.77745pt too wide) in paragraph at lines 830--833
$\OT1/cmtt/m/n/12 pages . stern . nyu . edu / []sternfin / vacharya / public _ 
html / pdfs / Testing _ Macro _$
 []


Overfull \hbox (8.36546pt too wide) in paragraph at lines 839--842
\OT1/cmr/m/it/12 ducted in nor-mal times. [][]$\OT1/cmtt/m/n/12 http : / / pape
rs . ssrn . com / sol3 / Papers . cfm ? abstract _$
 []

[23]
Overfull \hbox (1.37576pt too wide) in paragraph at lines 854--856
[][]\OT1/cmr/m/n/12 Eu[]-[]rope's [][]Half [][]a [][]Bank[]-[]ing [][]Union, Ad
am Posen and Nico-las Veron, Bruegel, Septem-
 []


Overfull \hbox (40.30246pt too wide) in paragraph at lines 856--857
$\OT1/cmtt/m/n/12 centralbank . ie / regulation / industry -[] sectors / credit
 -[] institutions / Documents /$
 []

[24] [25] [26]

Package natbib Warning: There were undefined citations.

Package atveryend Info: Empty hook `BeforeClearDocument' on input line 921.
[27]
Package atveryend Info: Empty hook `AfterLastShipout' on input line 921.
 ("C:\Users\cpr22\Google Drive\work\ypfs\cebs\code\CEBSv1.aux")
Package atveryend Info: Executing hook `AtVeryEndDocument' on input line 921.
Package atveryend Info: Executing hook `AtEndAfterFileList' on input line 921.
Package rerunfilecheck Info: File `CEBSv1.out' has not changed.
(rerunfilecheck)             Checksum: 134E766D821B20A63E7D7D17D931CF25;2368.


LaTeX Warning: There were multiply-defined labels.

Package atveryend Info: Empty hook `AtVeryVeryEnd' on input line 921.
 ) 
Here is how much of TeX's memory you used:
 9284 strings out of 493921
 134291 string characters out of 3152896
 244026 words of memory out of 3000000
 12273 multiletter control sequences out of 15000+200000
 15776 words of font info for 61 fonts, out of 3000000 for 9000
 841 hyphenation exceptions out of 8191
 36i,11n,47p,1376b,922s stack positions out of 5000i,500n,10000p,200000b,50000s
<X:/tex/miktex/fonts/type1/public/amsfonts/cm/cmbx10.pfb><X:/tex/miktex/fonts
/type1/public/amsfonts/cm/cmbx12.pfb><X:/tex/miktex/fonts/type1/public/amsfonts
/cm/cmr10.pfb><X:/tex/miktex/fonts/type1/public/amsfonts/cm/cmr12.pfb><X:/tex/m
iktex/fonts/type1/public/amsfonts/cm/cmr17.pfb><X:/tex/miktex/fonts/type1/publi
c/amsfonts/cm/cmr7.pfb><X:/tex/miktex/fonts/type1/public/amsfonts/cm/cmr8.pfb><
X:/tex/miktex/fonts/type1/public/amsfonts/cm/cmsl12.pfb><X:/tex/miktex/fonts/ty
pe1/public/amsfonts/cm/cmsy10.pfb><X:/tex/miktex/fonts/type1/public/amsfonts/cm
/cmsy7.pfb><X:/tex/miktex/fonts/type1/public/amsfonts/cm/cmti10.pfb><X:/tex/mik
tex/fonts/type1/public/amsfonts/cm/cmti12.pfb><X:/tex/miktex/fonts/type1/public
/amsfonts/cm/cmtt10.pfb><X:/tex/miktex/fonts/type1/public/amsfonts/cm/cmtt12.pf
b><X:/tex/miktex/fonts/type1/public/eurosym/feymr10.pfb>
Output written on CEBSv1.pdf (27 pages, 448253 bytes).
PDF statistics:
 712 PDF objects out of 1000 (max. 8388607)
 159 named destinations out of 1000 (max. 500000)
 255 words of extra memory for PDF output out of 10000 (max. 10000000)

