This is pdfTeX, Version 3.1415926-2.5-1.40.14 (MiKTeX 2.9) (preloaded format=pdflatex 2015.4.14)  11 APR 2016 15:24
entering extended mode
**CEBS_v1.tex
("C:\Users\cpr22\Google Drive\work\ypfs\cebs\code\CEBS_v1.tex"
LaTeX2e <2011/06/27>
Babel <v3.8m> and hyphenation patterns for english, afrikaans, ancientgreek, ar
abic, armenian, assamese, basque, bengali, bokmal, bulgarian, catalan, coptic, 
croatian, czech, danish, dutch, esperanto, estonian, farsi, finnish, french, ga
lician, german, german-x-2013-05-26, greek, gujarati, hindi, hungarian, iceland
ic, indonesian, interlingua, irish, italian, kannada, kurmanji, latin, latvian,
 lithuanian, malayalam, marathi, mongolian, mongolianlmc, monogreek, ngerman, n
german-x-2013-05-26, nynorsk, oriya, panjabi, pinyin, polish, portuguese, roman
ian, russian, sanskrit, serbian, slovak, slovenian, spanish, swedish, swissgerm
an, tamil, telugu, turkish, turkmen, ukenglish, ukrainian, uppersorbian, usengl
ishmax, welsh, loaded.
(X:\tex\miktex\tex\latex\base\article.cls
Document Class: article 2007/10/19 v1.4h Standard LaTeX document class
(X:\tex\miktex\tex\latex\base\size12.clo
File: size12.clo 2007/10/19 v1.4h Standard LaTeX file (size option)
)
\c@part=\count79
\c@section=\count80
\c@subsection=\count81
\c@subsubsection=\count82
\c@paragraph=\count83
\c@subparagraph=\count84
\c@figure=\count85
\c@table=\count86
\abovecaptionskip=\skip41
\belowcaptionskip=\skip42
\bibindent=\dimen102
)
(X:\tex\miktex\tex\latex\tools\longtable.sty
Package: longtable 2004/02/01 v4.11 Multi-page Table package (DPC)
\LTleft=\skip43
\LTright=\skip44
\LTpre=\skip45
\LTpost=\skip46
\LTchunksize=\count87
\LTcapwidth=\dimen103
\LT@head=\box26
\LT@firsthead=\box27
\LT@foot=\box28
\LT@lastfoot=\box29
\LT@cols=\count88
\LT@rows=\count89
\c@LT@tables=\count90
\c@LT@chunks=\count91
\LT@p@ftn=\toks14
)
(X:\tex\miktex\tex\latex\geometry\geometry.sty
Package: geometry 2010/09/12 v5.6 Page Geometry

(X:\tex\miktex\tex\latex\graphics\keyval.sty
Package: keyval 1999/03/16 v1.13 key=value parser (DPC)
\KV@toks@=\toks15
)
(X:\tex\miktex\tex\generic\oberdiek\ifpdf.sty
Package: ifpdf 2011/01/30 v2.3 Provides the ifpdf switch (HO)
Package ifpdf Info: pdfTeX in PDF mode is detected.
)
(X:\tex\miktex\tex\generic\oberdiek\ifvtex.sty
Package: ifvtex 2010/03/01 v1.5 Detect VTeX and its facilities (HO)
Package ifvtex Info: VTeX not detected.
)
(X:\tex\miktex\tex\generic\ifxetex\ifxetex.sty
Package: ifxetex 2010/09/12 v0.6 Provides ifxetex conditional
)
\Gm@cnth=\count92
\Gm@cntv=\count93
\c@Gm@tempcnt=\count94
\Gm@bindingoffset=\dimen104
\Gm@wd@mp=\dimen105
\Gm@odd@mp=\dimen106
\Gm@even@mp=\dimen107
\Gm@layoutwidth=\dimen108
\Gm@layoutheight=\dimen109
\Gm@layouthoffset=\dimen110
\Gm@layoutvoffset=\dimen111
\Gm@dimlist=\toks16

(X:\tex\miktex\tex\latex\geometry\geometry.cfg))
(X:\tex\miktex\tex\latex\natbib\natbib.sty
Package: natbib 2010/09/13 8.31b (PWD, AO)
\bibhang=\skip47
\bibsep=\skip48
LaTeX Info: Redefining \cite on input line 694.
\c@NAT@ctr=\count95
)
(X:\tex\miktex\tex\latex\booktabs\booktabs.sty
Package: booktabs 2005/04/14 v1.61803 publication quality tables
\heavyrulewidth=\dimen112
\lightrulewidth=\dimen113
\cmidrulewidth=\dimen114
\belowrulesep=\dimen115
\belowbottomsep=\dimen116
\aboverulesep=\dimen117
\abovetopsep=\dimen118
\cmidrulesep=\dimen119
\cmidrulekern=\dimen120
\defaultaddspace=\dimen121
\@cmidla=\count96
\@cmidlb=\count97
\@aboverulesep=\dimen122
\@belowrulesep=\dimen123
\@thisruleclass=\count98
\@lastruleclass=\count99
\@thisrulewidth=\dimen124
)
(X:\tex\miktex\tex\latex\amsfonts\amssymb.sty
Package: amssymb 2013/01/14 v3.01 AMS font symbols

(X:\tex\miktex\tex\latex\amsfonts\amsfonts.sty
Package: amsfonts 2013/01/14 v3.01 Basic AMSFonts support
\@emptytoks=\toks17
\symAMSa=\mathgroup4
\symAMSb=\mathgroup5
LaTeX Font Info:    Overwriting math alphabet `\mathfrak' in version `bold'
(Font)                  U/euf/m/n --> U/euf/b/n on input line 106.
))
(X:\tex\miktex\tex\latex\amsmath\amsmath.sty
Package: amsmath 2013/01/14 v2.14 AMS math features
\@mathmargin=\skip49

For additional information on amsmath, use the `?' option.
(X:\tex\miktex\tex\latex\amsmath\amstext.sty
Package: amstext 2000/06/29 v2.01

(X:\tex\miktex\tex\latex\amsmath\amsgen.sty
File: amsgen.sty 1999/11/30 v2.0
\@emptytoks=\toks18
\ex@=\dimen125
))
(X:\tex\miktex\tex\latex\amsmath\amsbsy.sty
Package: amsbsy 1999/11/29 v1.2d
\pmbraise@=\dimen126
)
(X:\tex\miktex\tex\latex\amsmath\amsopn.sty
Package: amsopn 1999/12/14 v2.01 operator names
)
\inf@bad=\count100
LaTeX Info: Redefining \frac on input line 210.
\uproot@=\count101
\leftroot@=\count102
LaTeX Info: Redefining \overline on input line 306.
\classnum@=\count103
\DOTSCASE@=\count104
LaTeX Info: Redefining \ldots on input line 378.
LaTeX Info: Redefining \dots on input line 381.
LaTeX Info: Redefining \cdots on input line 466.
\Mathstrutbox@=\box30
\strutbox@=\box31
\big@size=\dimen127
LaTeX Font Info:    Redeclaring font encoding OML on input line 566.
LaTeX Font Info:    Redeclaring font encoding OMS on input line 567.
\macc@depth=\count105
\c@MaxMatrixCols=\count106
\dotsspace@=\muskip10
\c@parentequation=\count107
\dspbrk@lvl=\count108
\tag@help=\toks19
\row@=\count109
\column@=\count110
\maxfields@=\count111
\andhelp@=\toks20
\eqnshift@=\dimen128
\alignsep@=\dimen129
\tagshift@=\dimen130
\tagwidth@=\dimen131
\totwidth@=\dimen132
\lineht@=\dimen133
\@envbody=\toks21
\multlinegap=\skip50
\multlinetaggap=\skip51
\mathdisplay@stack=\toks22
LaTeX Info: Redefining \[ on input line 2665.
LaTeX Info: Redefining \] on input line 2666.
)
(X:\tex\miktex\tex\latex\outlines\outlines.sty
Package: outlines 2012/1/23 1.1 Ch. Pecheur

(X:\tex\miktex\tex\latex\base\ifthen.sty
Package: ifthen 2001/05/26 v1.1c Standard LaTeX ifthen package (DPC)
))
(X:\tex\miktex\tex\latex\soul\soul.sty
Package: soul 2003/11/17 v2.4 letterspacing/underlining (mf)
\SOUL@word=\toks23
\SOUL@lasttoken=\toks24
\SOUL@cmds=\toks25
\SOUL@buffer=\toks26
\SOUL@token=\toks27
\SOUL@spaceskip=\skip52
\SOUL@ttwidth=\dimen134
\SOUL@uldp=\dimen135
\SOUL@ulht=\dimen136
)
(X:\tex\miktex\tex\latex\eurosym\eurosym.sty
Package: eurosym 1998/08/06 v1.1 European currency symbol ``Euro''
\@eurobox=\box32
)
(X:\tex\miktex\tex\latex\graphics\graphicx.sty
Package: graphicx 1999/02/16 v1.0f Enhanced LaTeX Graphics (DPC,SPQR)

(X:\tex\miktex\tex\latex\graphics\graphics.sty
Package: graphics 2009/02/05 v1.0o Standard LaTeX Graphics (DPC,SPQR)

(X:\tex\miktex\tex\latex\graphics\trig.sty
Package: trig 1999/03/16 v1.09 sin cos tan (DPC)
)
(X:\tex\miktex\tex\latex\00miktex\graphics.cfg
File: graphics.cfg 2007/01/18 v1.5 graphics configuration of teTeX/TeXLive
)
Package graphics Info: Driver file: pdftex.def on input line 91.

(X:\tex\miktex\tex\latex\pdftex-def\pdftex.def
File: pdftex.def 2011/05/27 v0.06d Graphics/color for pdfTeX

(X:\tex\miktex\tex\generic\oberdiek\infwarerr.sty
Package: infwarerr 2010/04/08 v1.3 Providing info/warning/error messages (HO)
)
(X:\tex\miktex\tex\generic\oberdiek\ltxcmds.sty
Package: ltxcmds 2011/11/09 v1.22 LaTeX kernel commands for general use (HO)
)
\Gread@gobject=\count112
))
\Gin@req@height=\dimen137
\Gin@req@width=\dimen138
)
(X:\tex\miktex\tex\latex\fancyhdr\fancyhdr.sty
\fancy@headwidth=\skip53
\f@ncyO@elh=\skip54
\f@ncyO@erh=\skip55
\f@ncyO@olh=\skip56
\f@ncyO@orh=\skip57
\f@ncyO@elf=\skip58
\f@ncyO@erf=\skip59
\f@ncyO@olf=\skip60
\f@ncyO@orf=\skip61
)
(X:\tex\miktex\tex\latex\preprint\authblk.sty
Package: authblk 2001/02/27 1.3 (PWD)
\affilsep=\skip62
\@affilsep=\skip63
\c@Maxaffil=\count113
\c@authors=\count114
\c@affil=\count115
)
(X:\tex\miktex\tex\latex\lineno\lineno.sty
Package: lineno 2005/11/02 line numbers on paragraphs v4.41
\linenopenalty=\count116
\output=\toks28
\linenoprevgraf=\count117
\linenumbersep=\dimen139
\linenumberwidth=\dimen140
\c@linenumber=\count118
\c@pagewiselinenumber=\count119
\c@LN@truepage=\count120
\c@internallinenumber=\count121
\c@internallinenumbers=\count122
\quotelinenumbersep=\dimen141
\bframerule=\dimen142
\bframesep=\dimen143
\bframebox=\box33
LaTeX Info: Redefining \\ on input line 3056.
)
(X:\tex\miktex\tex\latex\url\url.sty
\Urlmuskip=\muskip11
Package: url 2013/09/16  ver 3.4  Verb mode for urls, etc.
)
(X:\tex\miktex\tex\latex\hyperref\hyperref.sty
Package: hyperref 2012/11/06 v6.83m Hypertext links for LaTeX

(X:\tex\miktex\tex\generic\oberdiek\hobsub-hyperref.sty
Package: hobsub-hyperref 2012/04/25 v1.12 Bundle oberdiek, subset hyperref (HO)


(X:\tex\miktex\tex\generic\oberdiek\hobsub-generic.sty
Package: hobsub-generic 2012/04/25 v1.12 Bundle oberdiek, subset generic (HO)
Package: hobsub 2012/04/25 v1.12 Construct package bundles (HO)
Package hobsub Info: Skipping package `infwarerr' (already loaded).
Package hobsub Info: Skipping package `ltxcmds' (already loaded).
Package: ifluatex 2010/03/01 v1.3 Provides the ifluatex switch (HO)
Package ifluatex Info: LuaTeX not detected.
Package hobsub Info: Skipping package `ifvtex' (already loaded).
Package: intcalc 2007/09/27 v1.1 Expandable calculations with integers (HO)
Package hobsub Info: Skipping package `ifpdf' (already loaded).
Package: etexcmds 2011/02/16 v1.5 Avoid name clashes with e-TeX commands (HO)
Package etexcmds Info: Could not find \expanded.
(etexcmds)             That can mean that you are not using pdfTeX 1.50 or
(etexcmds)             that some package has redefined \expanded.
(etexcmds)             In the latter case, load this package earlier.
Package: kvsetkeys 2012/04/25 v1.16 Key value parser (HO)
Package: kvdefinekeys 2011/04/07 v1.3 Define keys (HO)
Package: pdftexcmds 2011/11/29 v0.20 Utility functions of pdfTeX for LuaTeX (HO
)
Package pdftexcmds Info: LuaTeX not detected.
Package pdftexcmds Info: \pdf@primitive is available.
Package pdftexcmds Info: \pdf@ifprimitive is available.
Package pdftexcmds Info: \pdfdraftmode found.
Package: pdfescape 2011/11/25 v1.13 Implements pdfTeX's escape features (HO)
Package: bigintcalc 2012/04/08 v1.3 Expandable calculations on big integers (HO
)
Package: bitset 2011/01/30 v1.1 Handle bit-vector datatype (HO)
Package: uniquecounter 2011/01/30 v1.2 Provide unlimited unique counter (HO)
)
Package hobsub Info: Skipping package `hobsub' (already loaded).
Package: letltxmacro 2010/09/02 v1.4 Let assignment for LaTeX macros (HO)
Package: hopatch 2011/06/24 v1.1 Wrapper for package hooks (HO)
Package: xcolor-patch 2011/01/30 xcolor patch
Package: atveryend 2011/06/30 v1.8 Hooks at the very end of document (HO)
Package atveryend Info: \enddocument detected (standard20110627).
Package: atbegshi 2011/10/05 v1.16 At begin shipout hook (HO)
Package: refcount 2011/10/16 v3.4 Data extraction from label references (HO)
Package: hycolor 2011/01/30 v1.7 Color options for hyperref/bookmark (HO)
)
(X:\tex\miktex\tex\latex\oberdiek\auxhook.sty
Package: auxhook 2011/03/04 v1.3 Hooks for auxiliary files (HO)
)
(X:\tex\miktex\tex\latex\oberdiek\kvoptions.sty
Package: kvoptions 2011/06/30 v3.11 Key value format for package options (HO)
)
\@linkdim=\dimen144
\Hy@linkcounter=\count123
\Hy@pagecounter=\count124

(X:\tex\miktex\tex\latex\hyperref\pd1enc.def
File: pd1enc.def 2012/11/06 v6.83m Hyperref: PDFDocEncoding definition (HO)
)
\Hy@SavedSpaceFactor=\count125

(X:\tex\miktex\tex\latex\00miktex\hyperref.cfg
File: hyperref.cfg 2002/06/06 v1.2 hyperref configuration of TeXLive
)
Package hyperref Info: Hyper figures OFF on input line 4443.
Package hyperref Info: Link nesting OFF on input line 4448.
Package hyperref Info: Hyper index ON on input line 4451.
Package hyperref Info: Plain pages OFF on input line 4458.
Package hyperref Info: Backreferencing OFF on input line 4463.
Package hyperref Info: Implicit mode ON; LaTeX internals redefined.
Package hyperref Info: Bookmarks ON on input line 4688.
\c@Hy@tempcnt=\count126
LaTeX Info: Redefining \url on input line 5041.
\XeTeXLinkMargin=\dimen145
\Fld@menulength=\count127
\Field@Width=\dimen146
\Fld@charsize=\dimen147
Package hyperref Info: Hyper figures OFF on input line 6295.
Package hyperref Info: Link nesting OFF on input line 6300.
Package hyperref Info: Hyper index ON on input line 6303.
Package hyperref Info: backreferencing OFF on input line 6310.
Package hyperref Info: Link coloring OFF on input line 6315.
Package hyperref Info: Link coloring with OCG OFF on input line 6320.
Package hyperref Info: PDF/A mode OFF on input line 6325.
LaTeX Info: Redefining \ref on input line 6365.
LaTeX Info: Redefining \pageref on input line 6369.
\Hy@abspage=\count128
\c@Item=\count129
\c@Hfootnote=\count130
)

Package hyperref Message: Driver (autodetected): hpdftex.

(X:\tex\miktex\tex\latex\hyperref\hpdftex.def
File: hpdftex.def 2012/11/06 v6.83m Hyperref driver for pdfTeX
\Fld@listcount=\count131
\c@bookmark@seq@number=\count132

(X:\tex\miktex\tex\latex\oberdiek\rerunfilecheck.sty
Package: rerunfilecheck 2011/04/15 v1.7 Rerun checks for auxiliary files (HO)
Package uniquecounter Info: New unique counter `rerunfilecheck' on input line 2
82.
)
\Hy@SectionHShift=\skip64
)
Package hyperref Info: Option `colorlinks' set `true' on input line 29.

(X:\tex\miktex\tex\latex\caption\caption.sty
Package: caption 2013/05/02 v3.3-89 Customizing captions (AR)

(X:\tex\miktex\tex\latex\caption\caption3.sty
Package: caption3 2013/05/02 v1.6-88 caption3 kernel (AR)
Package caption3 Info: TeX engine: e-TeX on input line 57.
\captionmargin=\dimen148
\captionmargin@=\dimen149
\captionwidth=\dimen150
\caption@tempdima=\dimen151
\caption@indent=\dimen152
\caption@parindent=\dimen153
\caption@hangindent=\dimen154
)
\c@ContinuedFloat=\count133
Package caption Info: hyperref package is loaded.
Package caption Info: longtable package is loaded.

(X:\tex\miktex\tex\latex\caption\ltcaption.sty
Package: ltcaption 2013/02/03 v1.3-62 longtable captions (AR)
))
(X:\tex\miktex\tex\latex\oberdiek\epstopdf.sty
Package: epstopdf 2010/02/09 v2.5 Conversion with epstopdf on the fly (HO)

(X:\tex\miktex\tex\latex\oberdiek\epstopdf-base.sty
Package: epstopdf-base 2010/02/09 v2.5 Base part for package epstopdf

(X:\tex\miktex\tex\latex\oberdiek\grfext.sty
Package: grfext 2010/08/19 v1.1 Manage graphics extensions (HO)
)
Package grfext Info: Graphics extension search list:
(grfext)             [.png,.pdf,.jpg,.mps,.jpeg,.jbig2,.jb2,.PNG,.PDF,.JPG,.JPE
G,.JBIG2,.JB2,.eps]
(grfext)             \AppendGraphicsExtensions on input line 452.
))
(X:\tex\miktex\tex\latex\enumitem\enumitem.sty
Package: enumitem 2011/09/28 v3.5.2 Customized lists
\labelindent=\skip65
\enit@outerparindent=\dimen155
\enit@toks=\toks29
\enit@inbox=\box34
\enitdp@description=\count134
)
(X:\tex\miktex\tex\latex\filecontents\filecontents.sty
Package: filecontents 2011/10/08 v1.3 Create an external file from within a LaT
eX document
)

LaTeX Warning: Overwriting file `./CEBS_v1.bib'.


No file CEBS_v1.aux.
LaTeX Font Info:    Checking defaults for OML/cmm/m/it on input line 390.
LaTeX Font Info:    ... okay on input line 390.
LaTeX Font Info:    Checking defaults for T1/cmr/m/n on input line 390.
LaTeX Font Info:    ... okay on input line 390.
LaTeX Font Info:    Checking defaults for OT1/cmr/m/n on input line 390.
LaTeX Font Info:    ... okay on input line 390.
LaTeX Font Info:    Checking defaults for OMS/cmsy/m/n on input line 390.
LaTeX Font Info:    ... okay on input line 390.
LaTeX Font Info:    Checking defaults for OMX/cmex/m/n on input line 390.
LaTeX Font Info:    ... okay on input line 390.
LaTeX Font Info:    Checking defaults for U/cmr/m/n on input line 390.
LaTeX Font Info:    ... okay on input line 390.
LaTeX Font Info:    Checking defaults for PD1/pdf/m/n on input line 390.
LaTeX Font Info:    ... okay on input line 390.
*geometry* driver: auto-detecting
*geometry* detected driver: pdftex
*geometry* verbose mode - [ preamble ] result:
* driver: pdftex
* paper: <default>
* layout: <same size as paper>
* layoutoffset:(h,v)=(0.0pt,0.0pt)
* modes: 
* h-part:(L,W,R)=(90.3375pt, 433.62001pt, 90.3375pt)
* v-part:(T,H,B)=(72.26999pt, 650.43001pt, 72.26999pt)
* \paperwidth=614.295pt
* \paperheight=794.96999pt
* \textwidth=433.62001pt
* \textheight=650.43001pt
* \oddsidemargin=18.0675pt
* \evensidemargin=18.0675pt
* \topmargin=-37.0pt
* \headheight=12.0pt
* \headsep=25.0pt
* \topskip=12.0pt
* \footskip=30.0pt
* \marginparwidth=44.0pt
* \marginparsep=10.0pt
* \columnsep=10.0pt
* \skip\footins=10.8pt plus 4.0pt minus 2.0pt
* \hoffset=0.0pt
* \voffset=0.0pt
* \mag=1000
* \@twocolumnfalse
* \@twosidefalse
* \@mparswitchfalse
* \@reversemarginfalse
* (1in=72.27pt=25.4mm, 1cm=28.453pt)

(X:\tex\miktex\tex\context\base\supp-pdf.mkii
[Loading MPS to PDF converter (version 2006.09.02).]
\scratchcounter=\count135
\scratchdimen=\dimen156
\scratchbox=\box35
\nofMPsegments=\count136
\nofMParguments=\count137
\everyMPshowfont=\toks30
\MPscratchCnt=\count138
\MPscratchDim=\dimen157
\MPnumerator=\count139
\makeMPintoPDFobject=\count140
\everyMPtoPDFconversion=\toks31
)
\AtBeginShipoutBox=\box36
 (X:\tex\miktex\tex\latex\graphics\color.sty
Package: color 2005/11/14 v1.0j Standard LaTeX Color (DPC)

(X:\tex\miktex\tex\latex\00miktex\color.cfg
File: color.cfg 2007/01/18 v1.5 color configuration of teTeX/TeXLive
)
Package color Info: Driver file: pdftex.def on input line 130.
)
Package hyperref Info: Link coloring ON on input line 390.

(X:\tex\miktex\tex\latex\hyperref\nameref.sty
Package: nameref 2012/10/27 v2.43 Cross-referencing by name of section

(X:\tex\miktex\tex\generic\oberdiek\gettitlestring.sty
Package: gettitlestring 2010/12/03 v1.4 Cleanup title references (HO)
)
\c@section@level=\count141
)
LaTeX Info: Redefining \ref on input line 390.
LaTeX Info: Redefining \pageref on input line 390.
LaTeX Info: Redefining \nameref on input line 390.
\@outlinefile=\write3
Package caption Info: Begin \AtBeginDocument code.
Package caption Info: End \AtBeginDocument code.
LaTeX Font Info:    Try loading font information for U+msa on input line 411.

(X:\tex\miktex\tex\latex\amsfonts\umsa.fd
File: umsa.fd 2013/01/14 v3.01 AMS symbols A
)
LaTeX Font Info:    Try loading font information for U+msb on input line 411.

(X:\tex\miktex\tex\latex\amsfonts\umsb.fd
File: umsb.fd 2013/01/14 v3.01 AMS symbols B
)

Package natbib Warning: Citation `Ross2016a' on page 1 undefined on input line 
411.


Package natbib Warning: Citation `Ross2016b' on page 1 undefined on input line 
411.


Underfull \hbox (badness 10000) in paragraph at lines 413--419

 []

[1

{C:/Users/cpr22/AppData/Local/MiKTeX/2.9/pdftex/config/pdftex.map}]
\tf@toc=\write4


Package Fancyhdr Warning: \headheight is too small (12.0pt): 
 Make it at least 14.49998pt.
 We now make it that large for the rest of the document.
 This may cause the page layout to be inconsistent, however.

[2]

Package natbib Warning: Citation `CEBS2009' on page 3 undefined on input line 4
29.


Package natbib Warning: Citation `RossWiggins' on page 3 undefined on input lin
e 431.


Package natbib Warning: Citation `Sunderji' on page 3 undefined on input line 4
31.


LaTeX Warning: Reference `figure1' on page 3 undefined on input line 431.

<../input/Chart.pdf, id=24, 508.62894pt x 144.10236pt>
File: ../input/Chart.pdf Graphic file (type pdf)

<use ../input/Chart.pdf>
Package pdftex.def Info: ../input/Chart.pdf used on input line 436.
(pdftex.def)             Requested size: 433.62001pt x 122.85037pt.

<../input/realestate.pdf, id=25, 687.91704pt x 216.87325pt>
File: ../input/realestate.pdf Graphic file (type pdf)

<use ../input/realestate.pdf>
Package pdftex.def Info: ../input/realestate.pdf used on input line 444.
(pdftex.def)             Requested size: 433.62001pt x 136.70366pt.


LaTeX Warning: `h' float specifier changed to `ht'.


Package natbib Warning: Citation `Sunderji' on page 3 undefined on input line 4
51.


Package natbib Warning: Citation `CEBSOctober2009' on page 3 undefined on input
 line 451.


Package natbib Warning: Citation `Goldman' on page 3 undefined on input line 45
1.

[3 <C:/Users/cpr22/Google Drive/work/ypfs/cebs/input/Chart.pdf>]

Package natbib Warning: Citation `Methodology' on page 4 undefined on input lin
e 455.


Package natbib Warning: Citation `Methodology' on page 4 undefined on input lin
e 457.


LaTeX Warning: Reference `design' on page 4 undefined on input line 461.

[4 <C:/Users/cpr22/Google Drive/work/ypfs/cebs/input/realestate.pdf, page is ro
tated 90 degrees>] <../input/flowchart.pdf, id=58, 596.05658pt x 323.23822pt>
File: ../input/flowchart.pdf Graphic file (type pdf)

<use ../input/flowchart.pdf>
Package pdftex.def Info: ../input/flowchart.pdf used on input line 467.
(pdftex.def)             Requested size: 417.23677pt x 226.2652pt.


Package natbib Warning: Citation `Deutsche' on page 5 undefined on input line 4
69.


Package natbib Warning: Citation `Methodology' on page 5 undefined on input lin
e 504.


Package longtable Warning: Column widths have changed
(longtable)                in table 1 on input line 505.


LaTeX Warning: `h' float specifier changed to `ht'.


LaTeX Warning: Reference `haircuts' on page 5 undefined on input line 510.

[5 <C:/Users/cpr22/Google Drive/work/ypfs/cebs/input/flowchart.pdf, page is rot
ated 90 degrees>]

Package natbib Warning: Citation `Methodology' on page 6 undefined on input lin
e 549.


Package longtable Warning: Column widths have changed
(longtable)                in table 2 on input line 550.


Package natbib Warning: Citation `Methodology' on page 6 undefined on input lin
e 579.


Package natbib Warning: Citation `SG' on page 6 undefined on input line 579.


Package longtable Warning: Column widths have changed
(longtable)                in table 3 on input line 580.


Package natbib Warning: Citation `Alloway' on page 6 undefined on input line 58
6.


Package natbib Warning: Citation `Methodology' on page 6 undefined on input lin
e 588.


Overfull \vbox (364.669pt too high) has occurred while \output is active []


[6]

LaTeX Warning: Reference `tier1outcome' on page 7 undefined on input line 596.


LaTeX Warning: Reference `figure4' on page 7 undefined on input line 596.

[7] <../input/tier1outcome.pdf, id=99, 687.2266pt x 379.18362pt>
File: ../input/tier1outcome.pdf Graphic file (type pdf)

<use ../input/tier1outcome.pdf>
Package pdftex.def Info: ../input/tier1outcome.pdf used on input line 603.
(pdftex.def)             Requested size: 343.61246pt x 189.59134pt.


Package natbib Warning: Citation `Methodology' on page 8 undefined on input lin
e 605.


Package natbib Warning: Citation `Methodology' on page 8 undefined on input lin
e 628.


Package longtable Warning: Column widths have changed
(longtable)                in table 4 on input line 629.

[8 <C:/Users/cpr22/Google Drive/work/ypfs/cebs/input/tier1outcome.pdf, page is 
rotated 90 degrees>]

LaTeX Warning: Reference `keydesign' on page 9 undefined on input line 645.


Package natbib Warning: Citation `Nedialkov' on page 9 undefined on input line 
645.


Package natbib Warning: Citation `Methodology' on page 9 undefined on input lin
e 653.

[9]

Package natbib Warning: Citation `Methodology' on page 10 undefined on input li
ne 659.


Package natbib Warning: Citation `QA' on page 10 undefined on input line 667.


Package natbib Warning: Citation `Gonzalez' on page 10 undefined on input line 
669.


Package natbib Warning: Citation `Spick' on page 10 undefined on input line 669
.

[10]

Package natbib Warning: Citation `Deutsche' on page 11 undefined on input line 
673.


Package natbib Warning: Citation `Samuels' on page 11 undefined on input line 6
73.


Package natbib Warning: Citation `Danske' on page 11 undefined on input line 67
7.


Package natbib Warning: Citation `QA' on page 11 undefined on input line 680.

[11]
Missing character: There is no â in font cmr12!
Missing character: There is no € in font cmr12!
Missing character: There is no ™ in font cmr12!


Package natbib Warning: Citation `QA' on page 12 undefined on input line 692.


Package natbib Warning: Citation `QA' on page 12 undefined on input line 694.


Package natbib Warning: Citation `QA' on page 12 undefined on input line 696.


Package natbib Warning: Citation `Samuels' on page 12 undefined on input line 7
01.

[12]

Package natbib Warning: Citation `SCAPResults' on page 13 undefined on input li
ne 703.


Package natbib Warning: Citation `Alloway' on page 13 undefined on input line 7
07.


Package natbib Warning: Citation `Alloway' on page 13 undefined on input line 7
09.


Package natbib Warning: Citation `Fitch' on page 13 undefined on input line 709
.


Package natbib Warning: Citation `Alloway2' on page 13 undefined on input line 
709.


LaTeX Warning: Reference `unemployment' on page 13 undefined on input line 713.



LaTeX Warning: Reference `REforecast' on page 13 undefined on input line 713.

[13] <../input/unemployment.pdf, id=154, 490.3638pt x 418.17328pt>
File: ../input/unemployment.pdf Graphic file (type pdf)

<use ../input/unemployment.pdf>
Package pdftex.def Info: ../input/unemployment.pdf used on input line 719.
(pdftex.def)             Requested size: 195.12767pt x 166.39856pt.


Package natbib Warning: Citation `Methodology' on page 14 undefined on input li
ne 722.

<../input/REforecast.pdf, id=155, 512.48514pt x 209.96724pt>
File: ../input/REforecast.pdf Graphic file (type pdf)

<use ../input/REforecast.pdf>
Package pdftex.def Info: ../input/REforecast.pdf used on input line 728.
(pdftex.def)             Requested size: 433.62001pt x 177.65921pt.


Package natbib Warning: Citation `Methodology' on page 14 undefined on input li
ne 730.


Package natbib Warning: Citation `SCAPResults' on page 14 undefined on input li
ne 730.


Package natbib Warning: Citation `QA' on page 14 undefined on input line 735.

[14 <C:/Users/cpr22/Google Drive/work/ypfs/cebs/input/unemployment.pdf> <C:/Use
rs/cpr22/Google Drive/work/ypfs/cebs/input/REforecast.pdf, page is rotated 90 d
egrees>]

Package natbib Warning: Citation `QA' on page 15 undefined on input line 737.


Package natbib Warning: Citation `Posen' on page 15 undefined on input line 739
.

Missing character: There is no â in font cmr12!
Missing character: There is no € in font cmr12!
Missing character: There is no “ in font cmr12!

Package natbib Warning: Citation `OECD' on page 15 undefined on input line 745.



Package natbib Warning: Citation `Engle' on page 15 undefined on input line 747
.

[15]

Package natbib Warning: Citation `Schuermann2011' on page 16 undefined on input
 line 749.


Package natbib Warning: Citation `Ireland' on page 16 undefined on input line 7
49.


Package natbib Warning: Citation `Schuermann2011' on page 16 undefined on input
 line 749.


Package natbib Warning: Citation `Schuermann2016' on page 16 undefined on input
 line 751.


Package natbib Warning: Citation `Itay' on page 16 undefined on input line 753.



Package natbib Warning: Citation `Itay' on page 16 undefined on input line 753.



Package natbib Warning: Citation `Candelon' on page 16 undefined on input line 
755.

[16] [17]
No file CEBS_v1.bbl.
LaTeX Font Info:    Try loading font information for OMS+cmr on input line 774.

(X:\tex\miktex\tex\latex\base\omscmr.fd
File: omscmr.fd 1999/05/25 v2.5h Standard LaTeX font definitions
)
LaTeX Font Info:    Font shape `OMS/cmr/m/n' in size <12> not available
(Font)              Font shape `OMS/cmsy/m/n' tried instead on input line 774.

Overfull \hbox (108.77994pt too wide) in paragraph at lines 774--776
$\OT1/cmtt/m/n/12 pub / pdf / other / euwidestresstestingexercise -[] qaen . pd
f ? 860c12759915bf0e3a8cd5486cb595a4$[][] 
 []


Overfull \hbox (4.9921pt too wide) in paragraph at lines 781--784
\OT1/cmr/m/it/12 test. [][]$\OT1/cmtt/m/n/12 https : / / www . eba . europa . e
u / documents / 10180 / 15938 / Summaryreport .$
 []


Overfull \hbox (8.89207pt too wide) in paragraph at lines 784--786
\OT1/cmr/m/it/12 data. [][]$\OT1/cmtt/m/n/12 https : / / www . eba . europa . e
u / documents / 10180 / 15938 / Listofbanksv2 .$
 []


Overfull \hbox (8.86769pt too wide) in paragraph at lines 792--794
\OT1/cmr/m/it/12 pean Com-mis-sion. [][]$\OT1/cmtt/m/n/12 http : / / eur -[] le
x . europa . eu / legal -[] content / EN / ALL / ?uri =$
 []


Overfull \hbox (17.65489pt too wide) in paragraph at lines 794--795
[][]$\OT1/cmtt/m/n/12 http : / / ftalphaville . ft . com / /2009 / 08 / 20 / 67
906 / hybrid -[] debt -[] attack -[] for -[]$
 []

[18]
Overfull \hbox (4.3923pt too wide) in paragraph at lines 815--818
\OT1/cmr/m/it/12 the tests. [][]$\OT1/cmtt/m/n/12 http : / / ftalphaville . ft 
. com / 2010 / 07 / 26 / 296871 / stress -[] tests -[]$
 []


Overfull \hbox (3.83058pt too wide) in paragraph at lines 818--819
\OT1/cmr/m/n/12 ber 9, 2009 -- \OT1/cmr/m/it/12 Ar-ti-cle dis-cussing the use o
f hy-brid cap-i-tal. [][]$\OT1/cmtt/m/n/12 http : / / ftalphaville .$
 []


Overfull \hbox (34.1799pt too wide) in paragraph at lines 829--832
[][]$\OT1/cmtt/m/n/12 http : / / pages . stern . nyu . edu / []sternfin / vacha
rya / public _ html / pdfs / Testing _$
 []


Overfull \hbox (32.99307pt too wide) in paragraph at lines 838--841
\OT1/cmr/m/it/12 con-ducted in nor-mal times. [][]$\OT1/cmtt/m/n/12 http : / / 
papers . ssrn . com / sol3 / Papers . cfm ? abstract _$
 []


Overfull \hbox (28.74426pt too wide) in paragraph at lines 841--844
\OT1/cmr/m/it/12 how stress tests can af-fect a su-per-vi-sor's cred-i-bil-ity.
 [][]$\OT1/cmtt/m/n/12 http : / / faculty . chicagobooth .$
 []

[19]
Overfull \hbox (34.1799pt too wide) in paragraph at lines 855--856
$\OT1/cmtt/m/n/12 institutions / Documents / The % 20Financial % 20Measures % 2
0Programme % 20Report .$
 []

[20]
Overfull \hbox (3.31863pt too wide) in paragraph at lines 889--890
[]\OT1/cmr/m/n/12 Should hy-brid se-cu-ri-ties as-so-ci-ated with pu-bic sup-po
rt be in-cluded? 
 []

[21]

Package natbib Warning: There were undefined citations.


Package longtable Warning: Table widths have changed. Rerun LaTeX.

Package atveryend Info: Empty hook `BeforeClearDocument' on input line 920.
[22]
Package atveryend Info: Empty hook `AfterLastShipout' on input line 920.
 ("C:\Users\cpr22\Google Drive\work\ypfs\cebs\code\CEBS_v1.aux")
Package atveryend Info: Executing hook `AtVeryEndDocument' on input line 920.
Package atveryend Info: Executing hook `AtEndAfterFileList' on input line 920.


Package rerunfilecheck Warning: File `CEBS_v1.out' has changed.
(rerunfilecheck)                Rerun to get outlines right
(rerunfilecheck)                or use package `bookmark'.

Package rerunfilecheck Info: Checksums for `CEBS_v1.out':
(rerunfilecheck)             Before: <no file>
(rerunfilecheck)             After:  134E766D821B20A63E7D7D17D931CF25;2368.

LaTeX Warning: There were undefined references.


LaTeX Warning: Label(s) may have changed. Rerun to get cross-references right.

Package atveryend Info: Empty hook `AtVeryVeryEnd' on input line 920.
 ) 
Here is how much of TeX's memory you used:
 9151 strings out of 493921
 131821 string characters out of 3152896
 240771 words of memory out of 3000000
 12185 multiletter control sequences out of 15000+200000
 15776 words of font info for 61 fonts, out of 3000000 for 9000
 841 hyphenation exceptions out of 8191
 36i,11n,47p,1329b,662s stack positions out of 5000i,500n,10000p,200000b,50000s
<X:/tex/miktex/fonts/type1/public/amsfonts/cm/cmbx10.pfb><X:/tex/miktex/fonts
/type1/public/amsfonts/cm/cmbx12.pfb><X:/tex/miktex/fonts/type1/public/amsfonts
/cm/cmr10.pfb><X:/tex/miktex/fonts/type1/public/amsfonts/cm/cmr12.pfb><X:/tex/m
iktex/fonts/type1/public/amsfonts/cm/cmr17.pfb><X:/tex/miktex/fonts/type1/publi
c/amsfonts/cm/cmr7.pfb><X:/tex/miktex/fonts/type1/public/amsfonts/cm/cmr8.pfb><
X:/tex/miktex/fonts/type1/public/amsfonts/cm/cmsl12.pfb><X:/tex/miktex/fonts/ty
pe1/public/amsfonts/cm/cmsy10.pfb><X:/tex/miktex/fonts/type1/public/amsfonts/cm
/cmsy7.pfb><X:/tex/miktex/fonts/type1/public/amsfonts/cm/cmti10.pfb><X:/tex/mik
tex/fonts/type1/public/amsfonts/cm/cmti12.pfb><X:/tex/miktex/fonts/type1/public
/amsfonts/cm/cmtt10.pfb><X:/tex/miktex/fonts/type1/public/amsfonts/cm/cmtt12.pf
b><X:/tex/miktex/fonts/type1/public/eurosym/feymr10.pfb>
Output written on CEBS_v1.pdf (22 pages, 379859 bytes).
PDF statistics:
 382 PDF objects out of 1000 (max. 8388607)
 125 named destinations out of 1000 (max. 500000)
 31 words of extra memory for PDF output out of 10000 (max. 10000000)

